

Started GET "/" for 127.0.0.1 at 2017-08-25 23:40:57 +1000

ActiveRecord::PendingMigrationError (

Migrations are pending. To resolve this issue, run:

	bin/rake db:migrate RAILS_ENV=development

):
  activerecord (4.2.5) lib/active_record/migration.rb:392:in `check_pending!'
  activerecord (4.2.5) lib/active_record/migration.rb:373:in `call'
  actionpack (4.2.5) lib/action_dispatch/middleware/callbacks.rb:29:in `block in call'
  activesupport (4.2.5) lib/active_support/callbacks.rb:88:in `__run_callbacks__'
  activesupport (4.2.5) lib/active_support/callbacks.rb:778:in `_run_call_callbacks'
  activesupport (4.2.5) lib/active_support/callbacks.rb:81:in `run_callbacks'
  actionpack (4.2.5) lib/action_dispatch/middleware/callbacks.rb:27:in `call'
  actionpack (4.2.5) lib/action_dispatch/middleware/reloader.rb:73:in `call'
  actionpack (4.2.5) lib/action_dispatch/middleware/remote_ip.rb:78:in `call'
  actionpack (4.2.5) lib/action_dispatch/middleware/debug_exceptions.rb:17:in `call'
  web-console (2.3.0) lib/web_console/middleware.rb:28:in `block in call'
  web-console (2.3.0) lib/web_console/middleware.rb:18:in `catch'
  web-console (2.3.0) lib/web_console/middleware.rb:18:in `call'
  actionpack (4.2.5) lib/action_dispatch/middleware/show_exceptions.rb:30:in `call'
  railties (4.2.5) lib/rails/rack/logger.rb:38:in `call_app'
  railties (4.2.5) lib/rails/rack/logger.rb:20:in `block in call'
  activesupport (4.2.5) lib/active_support/tagged_logging.rb:68:in `block in tagged'
  activesupport (4.2.5) lib/active_support/tagged_logging.rb:26:in `tagged'
  activesupport (4.2.5) lib/active_support/tagged_logging.rb:68:in `tagged'
  railties (4.2.5) lib/rails/rack/logger.rb:20:in `call'
  actionpack (4.2.5) lib/action_dispatch/middleware/request_id.rb:21:in `call'
  rack (1.6.8) lib/rack/methodoverride.rb:22:in `call'
  rack (1.6.8) lib/rack/runtime.rb:18:in `call'
  activesupport (4.2.5) lib/active_support/cache/strategy/local_cache_middleware.rb:28:in `call'
  rack (1.6.8) lib/rack/lock.rb:17:in `call'
  actionpack (4.2.5) lib/action_dispatch/middleware/static.rb:116:in `call'
  rack (1.6.8) lib/rack/sendfile.rb:113:in `call'
  railties (4.2.5) lib/rails/engine.rb:518:in `call'
  railties (4.2.5) lib/rails/application.rb:165:in `call'
  rack (1.6.8) lib/rack/lock.rb:17:in `call'
  rack (1.6.8) lib/rack/content_length.rb:15:in `call'
  rack (1.6.8) lib/rack/handler/webrick.rb:88:in `service'
  /home/leo/.rbenv/versions/2.3.3/lib/ruby/2.3.0/webrick/httpserver.rb:140:in `service'
  /home/leo/.rbenv/versions/2.3.3/lib/ruby/2.3.0/webrick/httpserver.rb:96:in `run'
  /home/leo/.rbenv/versions/2.3.3/lib/ruby/2.3.0/webrick/server.rb:296:in `block in start_thread'


  Rendered /home/leo/.rbenv/versions/2.3.3/lib/ruby/gems/2.3.0/gems/actionpack-4.2.5/lib/action_dispatch/middleware/templates/rescues/_source.erb (7.0ms)
  Rendered /home/leo/.rbenv/versions/2.3.3/lib/ruby/gems/2.3.0/gems/actionpack-4.2.5/lib/action_dispatch/middleware/templates/rescues/_trace.html.erb (3.3ms)
  Rendered /home/leo/.rbenv/versions/2.3.3/lib/ruby/gems/2.3.0/gems/actionpack-4.2.5/lib/action_dispatch/middleware/templates/rescues/_request_and_response.html.erb (1.3ms)
  Rendered /home/leo/.rbenv/versions/2.3.3/lib/ruby/gems/2.3.0/gems/actionpack-4.2.5/lib/action_dispatch/middleware/templates/rescues/diagnostics.html.erb within rescues/layout (43.2ms)
  Rendered /home/leo/.rbenv/versions/2.3.3/lib/ruby/gems/2.3.0/gems/web-console-2.3.0/lib/web_console/templates/_markup.html.erb (0.9ms)
  Rendered /home/leo/.rbenv/versions/2.3.3/lib/ruby/gems/2.3.0/gems/web-console-2.3.0/lib/web_console/templates/_inner_console_markup.html.erb within layouts/inlined_string (1.1ms)
  Rendered /home/leo/.rbenv/versions/2.3.3/lib/ruby/gems/2.3.0/gems/web-console-2.3.0/lib/web_console/templates/_prompt_box_markup.html.erb within layouts/inlined_string (0.8ms)
  Rendered /home/leo/.rbenv/versions/2.3.3/lib/ruby/gems/2.3.0/gems/web-console-2.3.0/lib/web_console/templates/style.css.erb within layouts/inlined_string (1.5ms)
  Rendered /home/leo/.rbenv/versions/2.3.3/lib/ruby/gems/2.3.0/gems/web-console-2.3.0/lib/web_console/templates/console.js.erb within layouts/javascript (60.8ms)
  Rendered /home/leo/.rbenv/versions/2.3.3/lib/ruby/gems/2.3.0/gems/web-console-2.3.0/lib/web_console/templates/main.js.erb within layouts/javascript (1.0ms)
  Rendered /home/leo/.rbenv/versions/2.3.3/lib/ruby/gems/2.3.0/gems/web-console-2.3.0/lib/web_console/templates/error_page.js.erb within layouts/javascript (0.8ms)
  Rendered /home/leo/.rbenv/versions/2.3.3/lib/ruby/gems/2.3.0/gems/web-console-2.3.0/lib/web_console/templates/index.html.erb (104.5ms)
  [1m[36m (18.9ms)[0m  [1mCREATE TABLE "schema_migrations" ("version" varchar NOT NULL) [0m
  [1m[35m (0.2ms)[0m  select sqlite_version(*)
  [1m[36m (18.0ms)[0m  [1mCREATE UNIQUE INDEX "unique_schema_migrations" ON "schema_migrations" ("version")[0m
  [1m[35mActiveRecord::SchemaMigration Load (0.2ms)[0m  SELECT "schema_migrations".* FROM "schema_migrations"
Migrating to CreatePosts (20170721093423)
  [1m[36m (0.2ms)[0m  [1mbegin transaction[0m
  [1m[35m (0.9ms)[0m  CREATE TABLE "posts" ("id" INTEGER PRIMARY KEY AUTOINCREMENT NOT NULL, "title" varchar, "content" varchar, "created_at" datetime NOT NULL, "updated_at" datetime NOT NULL) 
  [1m[36mSQL (0.3ms)[0m  [1mINSERT INTO "schema_migrations" ("version") VALUES (?)[0m  [["version", "20170721093423"]]
  [1m[35m (14.9ms)[0m  commit transaction
Migrating to DeviseCreateUsers (20170721104136)
  [1m[36m (0.2ms)[0m  [1mbegin transaction[0m
  [1m[35m (0.7ms)[0m  CREATE TABLE "users" ("id" INTEGER PRIMARY KEY AUTOINCREMENT NOT NULL, "email" varchar DEFAULT '' NOT NULL, "encrypted_password" varchar DEFAULT '' NOT NULL, "reset_password_token" varchar, "reset_password_sent_at" datetime, "remember_created_at" datetime, "sign_in_count" integer DEFAULT 0 NOT NULL, "current_sign_in_at" datetime, "last_sign_in_at" datetime, "current_sign_in_ip" varchar, "last_sign_in_ip" varchar, "created_at" datetime NOT NULL, "updated_at" datetime NOT NULL) 
  [1m[36m (0.3ms)[0m  [1mCREATE UNIQUE INDEX "index_users_on_email" ON "users" ("email")[0m
  [1m[35m (0.2ms)[0m              SELECT sql
            FROM sqlite_master
            WHERE name='index_users_on_email' AND type='index'
            UNION ALL
            SELECT sql
            FROM sqlite_temp_master
            WHERE name='index_users_on_email' AND type='index'

  [1m[36m (0.2ms)[0m  [1mCREATE UNIQUE INDEX "index_users_on_reset_password_token" ON "users" ("reset_password_token")[0m
  [1m[35mSQL (0.2ms)[0m  INSERT INTO "schema_migrations" ("version") VALUES (?)  [["version", "20170721104136"]]
  [1m[36m (13.6ms)[0m  [1mcommit transaction[0m
Migrating to DeviseCreatePatients (20170728093618)
  [1m[35m (0.1ms)[0m  begin transaction
  [1m[36m (0.5ms)[0m  [1mCREATE TABLE "patients" ("id" INTEGER PRIMARY KEY AUTOINCREMENT NOT NULL, "email" varchar DEFAULT '' NOT NULL, "encrypted_password" varchar DEFAULT '' NOT NULL, "reset_password_token" varchar, "reset_password_sent_at" datetime, "remember_created_at" datetime, "sign_in_count" integer DEFAULT 0 NOT NULL, "current_sign_in_at" datetime, "last_sign_in_at" datetime, "current_sign_in_ip" varchar, "last_sign_in_ip" varchar, "created_at" datetime NOT NULL, "updated_at" datetime NOT NULL) [0m
  [1m[35m (0.3ms)[0m  CREATE UNIQUE INDEX "index_patients_on_email" ON "patients" ("email")
  [1m[36m (0.1ms)[0m  [1m            SELECT sql
            FROM sqlite_master
            WHERE name='index_patients_on_email' AND type='index'
            UNION ALL
            SELECT sql
            FROM sqlite_temp_master
            WHERE name='index_patients_on_email' AND type='index'
[0m
  [1m[35m (0.2ms)[0m  CREATE UNIQUE INDEX "index_patients_on_reset_password_token" ON "patients" ("reset_password_token")
  [1m[36mSQL (0.2ms)[0m  [1mINSERT INTO "schema_migrations" ("version") VALUES (?)[0m  [["version", "20170728093618"]]
  [1m[35m (13.9ms)[0m  commit transaction
Migrating to CreatePosttests (20170728100458)
  [1m[36m (0.1ms)[0m  [1mbegin transaction[0m
  [1m[35m (0.4ms)[0m  CREATE TABLE "posttests" ("id" INTEGER PRIMARY KEY AUTOINCREMENT NOT NULL, "title2" varchar, "content2" varchar, "created_at" datetime NOT NULL, "updated_at" datetime NOT NULL) 
  [1m[36mSQL (0.2ms)[0m  [1mINSERT INTO "schema_migrations" ("version") VALUES (?)[0m  [["version", "20170728100458"]]
  [1m[35m (16.0ms)[0m  commit transaction
Migrating to CreateDcomments (20170825010735)
  [1m[36m (0.1ms)[0m  [1mbegin transaction[0m
  [1m[35m (0.6ms)[0m  CREATE TABLE "dcomments" ("id" INTEGER PRIMARY KEY AUTOINCREMENT NOT NULL, "content" text, "post_id" integer, "created_at" datetime NOT NULL, "updated_at" datetime NOT NULL) 
  [1m[36mSQL (0.3ms)[0m  [1mINSERT INTO "schema_migrations" ("version") VALUES (?)[0m  [["version", "20170825010735"]]
  [1m[35m (17.8ms)[0m  commit transaction
Migrating to CreateMedications (20170825025434)
  [1m[36m (0.1ms)[0m  [1mbegin transaction[0m
  [1m[35m (0.5ms)[0m  CREATE TABLE "medications" ("id" INTEGER PRIMARY KEY AUTOINCREMENT NOT NULL, "created_at" datetime NOT NULL, "updated_at" datetime NOT NULL) 
  [1m[36mSQL (0.2ms)[0m  [1mINSERT INTO "schema_migrations" ("version") VALUES (?)[0m  [["version", "20170825025434"]]
  [1m[35m (14.4ms)[0m  commit transaction
Migrating to CreateDetailcoms (20170825112308)
  [1m[36m (0.2ms)[0m  [1mbegin transaction[0m
  [1m[35m (0.7ms)[0m  CREATE TABLE "detailcoms" ("id" INTEGER PRIMARY KEY AUTOINCREMENT NOT NULL, "content" text, "patient_id" integer, "created_at" datetime NOT NULL, "updated_at" datetime NOT NULL) 
  [1m[36mSQL (0.3ms)[0m  [1mINSERT INTO "schema_migrations" ("version") VALUES (?)[0m  [["version", "20170825112308"]]
  [1m[35m (18.9ms)[0m  commit transaction
  [1m[36mActiveRecord::SchemaMigration Load (0.5ms)[0m  [1mSELECT "schema_migrations".* FROM "schema_migrations"[0m
  [1m[35m (0.4ms)[0m              SELECT sql
            FROM sqlite_master
            WHERE name='index_patients_on_reset_password_token' AND type='index'
            UNION ALL
            SELECT sql
            FROM sqlite_temp_master
            WHERE name='index_patients_on_reset_password_token' AND type='index'

  [1m[36m (0.3ms)[0m  [1m            SELECT sql
            FROM sqlite_master
            WHERE name='index_patients_on_email' AND type='index'
            UNION ALL
            SELECT sql
            FROM sqlite_temp_master
            WHERE name='index_patients_on_email' AND type='index'
[0m
  [1m[35m (0.6ms)[0m              SELECT sql
            FROM sqlite_master
            WHERE name='index_users_on_reset_password_token' AND type='index'
            UNION ALL
            SELECT sql
            FROM sqlite_temp_master
            WHERE name='index_users_on_reset_password_token' AND type='index'

  [1m[36m (0.2ms)[0m  [1m            SELECT sql
            FROM sqlite_master
            WHERE name='index_users_on_email' AND type='index'
            UNION ALL
            SELECT sql
            FROM sqlite_temp_master
            WHERE name='index_users_on_email' AND type='index'
[0m


Started GET "/" for 127.0.0.1 at 2017-08-25 23:41:23 +1000
  [1m[36mActiveRecord::SchemaMigration Load (0.1ms)[0m  [1mSELECT "schema_migrations".* FROM "schema_migrations"[0m
Processing by HomeController#homepage as HTML
  [1m[35mUser Load (0.3ms)[0m  SELECT  "users".* FROM "users" WHERE "users"."id" = ?  ORDER BY "users"."id" ASC LIMIT 1  [["id", 2]]
  Rendered home/homepage.html.erb within layouts/application (21.2ms)
Completed 200 OK in 403ms (Views: 388.6ms | ActiveRecord: 1.1ms)


Started GET "/users/sign_in" for 127.0.0.1 at 2017-08-25 23:41:29 +1000
Processing by Devise::SessionsController#new as HTML
  Rendered devise/shared/_links.html.erb (29.0ms)
  Rendered devise/sessions/new.html.erb within layouts/application (67.4ms)
Completed 200 OK in 142ms (Views: 115.7ms | ActiveRecord: 0.0ms)


Started POST "/users/sign_in" for 127.0.0.1 at 2017-08-25 23:41:35 +1000
Processing by Devise::SessionsController#create as HTML
  Parameters: {"utf8"=>"✓", "authenticity_token"=>"UAz9xQ9XGHIQr+25KMwrQyIUiClXCmKUuR++YzHx1fHINtPBe4kcW5T7yB5wAjxo9PVy9FYoyy0NbbiRDewWng==", "user"=>{"email"=>"doctor@google.com", "password"=>"[FILTERED]", "remember_me"=>"0"}, "commit"=>"Log in"}
  [1m[36mUser Load (0.7ms)[0m  [1mSELECT  "users".* FROM "users" WHERE "users"."email" = ?  ORDER BY "users"."id" ASC LIMIT 1[0m  [["email", "doctor@google.com"]]
Completed 401 Unauthorized in 9ms (ActiveRecord: 0.7ms)
Processing by Devise::SessionsController#new as HTML
  Parameters: {"utf8"=>"✓", "authenticity_token"=>"UAz9xQ9XGHIQr+25KMwrQyIUiClXCmKUuR++YzHx1fHINtPBe4kcW5T7yB5wAjxo9PVy9FYoyy0NbbiRDewWng==", "user"=>{"email"=>"doctor@google.com", "password"=>"[FILTERED]", "remember_me"=>"0"}, "commit"=>"Log in"}
  Rendered devise/shared/_links.html.erb (8.6ms)
  Rendered devise/sessions/new.html.erb within layouts/application (17.0ms)
Completed 200 OK in 317ms (Views: 55.4ms | ActiveRecord: 0.0ms)


Started POST "/users/sign_in" for 127.0.0.1 at 2017-08-25 23:41:38 +1000
Processing by Devise::SessionsController#create as HTML
  Parameters: {"utf8"=>"✓", "authenticity_token"=>"diSSe2YJTYuZQw/saQQLOK9A9C0mBzs8Pl0Clvp1scDuHrx/EtdJoh0XKksxyhwTeaEO8CclkoWKLwRkxmhyrw==", "user"=>{"email"=>"doctor@google.com", "password"=>"[FILTERED]", "remember_me"=>"0"}, "commit"=>"Log in"}
  [1m[35mUser Load (0.1ms)[0m  SELECT  "users".* FROM "users" WHERE "users"."email" = ?  ORDER BY "users"."id" ASC LIMIT 1  [["email", "doctor@google.com"]]
Completed 401 Unauthorized in 4ms (ActiveRecord: 0.1ms)
Processing by Devise::SessionsController#new as HTML
  Parameters: {"utf8"=>"✓", "authenticity_token"=>"diSSe2YJTYuZQw/saQQLOK9A9C0mBzs8Pl0Clvp1scDuHrx/EtdJoh0XKksxyhwTeaEO8CclkoWKLwRkxmhyrw==", "user"=>{"email"=>"doctor@google.com", "password"=>"[FILTERED]", "remember_me"=>"0"}, "commit"=>"Log in"}
  Rendered devise/shared/_links.html.erb (4.8ms)
  Rendered devise/sessions/new.html.erb within layouts/application (10.4ms)
Completed 200 OK in 281ms (Views: 37.9ms | ActiveRecord: 0.0ms)


Started GET "/users/sign_up" for 127.0.0.1 at 2017-08-25 23:41:40 +1000
Processing by Devise::RegistrationsController#new as HTML
  Rendered devise/shared/_links.html.erb (9.3ms)
  Rendered devise/registrations/new.html.erb within layouts/application (27.2ms)
Completed 200 OK in 72ms (Views: 69.3ms | ActiveRecord: 0.0ms)


Started POST "/users" for 127.0.0.1 at 2017-08-25 23:41:47 +1000
Processing by Devise::RegistrationsController#create as HTML
  Parameters: {"utf8"=>"✓", "authenticity_token"=>"dnxMs450D/0KS62hiBaEcLtKbVFycNx4tSyHi5xjl3PuRmK3+qoL1I4fiAbQ2JNbbauXjHNSdcEBXoF5oH5UHA==", "user"=>{"email"=>"doctor@google.com", "password"=>"[FILTERED]", "password_confirmation"=>"[FILTERED]"}, "commit"=>"Sign up"}
  [1m[36m (0.1ms)[0m  [1mbegin transaction[0m
  [1m[35mUser Exists (0.2ms)[0m  SELECT  1 AS one FROM "users" WHERE "users"."email" = 'doctor@google.com' LIMIT 1
  [1m[36mSQL (0.3ms)[0m  [1mINSERT INTO "users" ("email", "encrypted_password", "created_at", "updated_at") VALUES (?, ?, ?, ?)[0m  [["email", "doctor@google.com"], ["encrypted_password", "$2a$11$wcu1Y5Yp/tOllbzLFB8s4.9ZXhpaJwBCFw5YZhzLtpLi1Axu8eDNK"], ["created_at", "2017-08-25 13:41:48.175070"], ["updated_at", "2017-08-25 13:41:48.175070"]]
  [1m[35m (10.8ms)[0m  commit transaction
  [1m[36m (0.3ms)[0m  [1mbegin transaction[0m
  [1m[35mSQL (0.4ms)[0m  UPDATE "users" SET "last_sign_in_at" = ?, "current_sign_in_at" = ?, "last_sign_in_ip" = ?, "current_sign_in_ip" = ?, "sign_in_count" = ?, "updated_at" = ? WHERE "users"."id" = ?  [["last_sign_in_at", "2017-08-25 13:41:48.190765"], ["current_sign_in_at", "2017-08-25 13:41:48.190765"], ["last_sign_in_ip", "127.0.0.1"], ["current_sign_in_ip", "127.0.0.1"], ["sign_in_count", 1], ["updated_at", "2017-08-25 13:41:48.193705"], ["id", 1]]
  [1m[36m (18.0ms)[0m  [1mcommit transaction[0m
Redirected to http://localhost:3000/home/index
Completed 302 Found in 316ms (ActiveRecord: 30.1ms)


Started GET "/home/index" for 127.0.0.1 at 2017-08-25 23:41:48 +1000
Processing by HomeController#index as HTML
  [1m[35mUser Load (0.2ms)[0m  SELECT  "users".* FROM "users" WHERE "users"."id" = ?  ORDER BY "users"."id" ASC LIMIT 1  [["id", 1]]
  [1m[36mPost Load (0.5ms)[0m  [1mSELECT "posts".* FROM "posts"[0m
  Rendered home/index.html.erb within layouts/blank (6.7ms)
Completed 200 OK in 39ms (Views: 32.2ms | ActiveRecord: 0.9ms)


Started GET "/home/index" for 127.0.0.1 at 2017-08-25 23:41:54 +1000
Processing by HomeController#index as HTML
  [1m[35mUser Load (0.9ms)[0m  SELECT  "users".* FROM "users" WHERE "users"."id" = ?  ORDER BY "users"."id" ASC LIMIT 1  [["id", 1]]
  [1m[36mPost Load (0.3ms)[0m  [1mSELECT "posts".* FROM "posts"[0m
  Rendered home/index.html.erb within layouts/blank (3.5ms)
Completed 200 OK in 45ms (Views: 42.5ms | ActiveRecord: 1.2ms)


Started GET "/home/index" for 127.0.0.1 at 2017-08-25 23:41:54 +1000
Processing by HomeController#index as HTML
  [1m[35mUser Load (0.2ms)[0m  SELECT  "users".* FROM "users" WHERE "users"."id" = ?  ORDER BY "users"."id" ASC LIMIT 1  [["id", 1]]
  [1m[36mPost Load (1.9ms)[0m  [1mSELECT "posts".* FROM "posts"[0m
  Rendered home/index.html.erb within layouts/blank (14.2ms)
Completed 200 OK in 74ms (Views: 71.6ms | ActiveRecord: 2.1ms)


Started GET "/home/patientlist" for 127.0.0.1 at 2017-08-25 23:41:56 +1000
Processing by HomeController#patientlist as HTML
  [1m[35mPatient Load (0.3ms)[0m  SELECT "patients".* FROM "patients"
  Rendered home/patientlist.html.erb within layouts/blank (11.6ms)
Completed 200 OK in 52ms (Views: 49.6ms | ActiveRecord: 0.7ms)


Started GET "/home/index" for 127.0.0.1 at 2017-08-25 23:42:00 +1000
Processing by HomeController#index as HTML
  [1m[36mUser Load (0.2ms)[0m  [1mSELECT  "users".* FROM "users" WHERE "users"."id" = ?  ORDER BY "users"."id" ASC LIMIT 1[0m  [["id", 1]]
  [1m[35mPost Load (0.3ms)[0m  SELECT "posts".* FROM "posts"
  Rendered home/index.html.erb within layouts/blank (9.3ms)
Completed 200 OK in 57ms (Views: 54.9ms | ActiveRecord: 0.5ms)


Started GET "/" for 127.0.0.1 at 2017-08-25 23:42:04 +1000
Processing by HomeController#homepage as HTML
  [1m[36mUser Load (0.2ms)[0m  [1mSELECT  "users".* FROM "users" WHERE "users"."id" = ?  ORDER BY "users"."id" ASC LIMIT 1[0m  [["id", 1]]
  Rendered home/homepage.html.erb within layouts/application (6.6ms)
Completed 200 OK in 51ms (Views: 50.3ms | ActiveRecord: 0.2ms)


Started GET "/patients/sign_up" for 127.0.0.1 at 2017-08-25 23:42:08 +1000
Processing by Devise::RegistrationsController#new as HTML
  Rendered devise/shared/_links.html.erb (10.7ms)
  Rendered devise/registrations/new.html.erb within layouts/application (29.1ms)
  [1m[35mUser Load (0.4ms)[0m  SELECT  "users".* FROM "users" WHERE "users"."id" = ?  ORDER BY "users"."id" ASC LIMIT 1  [["id", 1]]
Completed 200 OK in 83ms (Views: 63.3ms | ActiveRecord: 0.6ms)


Started POST "/patients" for 127.0.0.1 at 2017-08-25 23:42:14 +1000
Processing by Devise::RegistrationsController#create as HTML
  Parameters: {"utf8"=>"✓", "authenticity_token"=>"DWmuGY4R/TTpwChjVzX1iapL+l8ImI6nqzWYh1Ff4EGVU4Ad+s/5HW2UDcQP++KifKoAggm6Jx4fR551bUIjLg==", "patient"=>{"email"=>"patient@google.com", "password"=>"[FILTERED]", "password_confirmation"=>"[FILTERED]"}, "commit"=>"Sign up"}
  [1m[36m (0.1ms)[0m  [1mbegin transaction[0m
  [1m[35mPatient Exists (0.2ms)[0m  SELECT  1 AS one FROM "patients" WHERE "patients"."email" = 'patient@google.com' LIMIT 1
  [1m[36mSQL (0.3ms)[0m  [1mINSERT INTO "patients" ("email", "encrypted_password", "created_at", "updated_at") VALUES (?, ?, ?, ?)[0m  [["email", "patient@google.com"], ["encrypted_password", "$2a$11$/IxJrTpSNI7RXCdZnJFhNu4uC6IoJGJWyEjye10QkEKbW7RFjAvLq"], ["created_at", "2017-08-25 13:42:14.634696"], ["updated_at", "2017-08-25 13:42:14.634696"]]
  [1m[35m (9.3ms)[0m  commit transaction
  [1m[36m (0.2ms)[0m  [1mbegin transaction[0m
  [1m[35mSQL (0.4ms)[0m  UPDATE "patients" SET "last_sign_in_at" = ?, "current_sign_in_at" = ?, "last_sign_in_ip" = ?, "current_sign_in_ip" = ?, "sign_in_count" = ?, "updated_at" = ? WHERE "patients"."id" = ?  [["last_sign_in_at", "2017-08-25 13:42:14.646923"], ["current_sign_in_at", "2017-08-25 13:42:14.646923"], ["last_sign_in_ip", "127.0.0.1"], ["current_sign_in_ip", "127.0.0.1"], ["sign_in_count", 1], ["updated_at", "2017-08-25 13:42:14.648894"], ["id", 1]]
  [1m[36m (12.2ms)[0m  [1mcommit transaction[0m
Redirected to http://localhost:3000/home/index2
Completed 302 Found in 290ms (ActiveRecord: 22.9ms)


Started GET "/home/index2" for 127.0.0.1 at 2017-08-25 23:42:14 +1000
Processing by HomeController#index2 as HTML
  [1m[35mPatient Load (0.3ms)[0m  SELECT  "patients".* FROM "patients" WHERE "patients"."id" = ?  ORDER BY "patients"."id" ASC LIMIT 1  [["id", 1]]
  [1m[36mPosttest Load (0.2ms)[0m  [1mSELECT "posttests".* FROM "posttests"[0m
  Rendered home/index2.html.erb within layouts/patient (4.5ms)
Completed 500 Internal Server Error in 14ms (ActiveRecord: 0.6ms)

SyntaxError (/home/leo/rails/doc/app/views/layouts/patient.html.erb:111: syntax error, unexpected keyword_ensure, expecting keyword_end
/home/leo/rails/doc/app/views/layouts/patient.html.erb:113: syntax error, unexpected end-of-input, expecting keyword_end):
  app/views/layouts/patient.html.erb:111: syntax error, unexpected keyword_ensure, expecting keyword_end
  app/views/layouts/patient.html.erb:113: syntax error, unexpected end-of-input, expecting keyword_end
  app/controllers/home_controller.rb:10:in `index2'


  Rendered /home/leo/.rbenv/versions/2.3.3/lib/ruby/gems/2.3.0/gems/actionpack-4.2.5/lib/action_dispatch/middleware/templates/rescues/_source.erb (20.7ms)
  Rendered /home/leo/.rbenv/versions/2.3.3/lib/ruby/gems/2.3.0/gems/actionpack-4.2.5/lib/action_dispatch/middleware/templates/rescues/_trace.html.erb (4.3ms)
  Rendered /home/leo/.rbenv/versions/2.3.3/lib/ruby/gems/2.3.0/gems/actionpack-4.2.5/lib/action_dispatch/middleware/templates/rescues/_request_and_response.html.erb (1.4ms)
  Rendered /home/leo/.rbenv/versions/2.3.3/lib/ruby/gems/2.3.0/gems/actionpack-4.2.5/lib/action_dispatch/middleware/templates/rescues/diagnostics.html.erb within rescues/layout (51.7ms)
  Rendered /home/leo/.rbenv/versions/2.3.3/lib/ruby/gems/2.3.0/gems/web-console-2.3.0/lib/web_console/templates/_markup.html.erb (1.3ms)
  Rendered /home/leo/.rbenv/versions/2.3.3/lib/ruby/gems/2.3.0/gems/web-console-2.3.0/lib/web_console/templates/_inner_console_markup.html.erb within layouts/inlined_string (0.5ms)
  Rendered /home/leo/.rbenv/versions/2.3.3/lib/ruby/gems/2.3.0/gems/web-console-2.3.0/lib/web_console/templates/_prompt_box_markup.html.erb within layouts/inlined_string (0.6ms)
  Rendered /home/leo/.rbenv/versions/2.3.3/lib/ruby/gems/2.3.0/gems/web-console-2.3.0/lib/web_console/templates/style.css.erb within layouts/inlined_string (1.1ms)
  Rendered /home/leo/.rbenv/versions/2.3.3/lib/ruby/gems/2.3.0/gems/web-console-2.3.0/lib/web_console/templates/console.js.erb within layouts/javascript (32.1ms)
  Rendered /home/leo/.rbenv/versions/2.3.3/lib/ruby/gems/2.3.0/gems/web-console-2.3.0/lib/web_console/templates/main.js.erb within layouts/javascript (1.2ms)
  Rendered /home/leo/.rbenv/versions/2.3.3/lib/ruby/gems/2.3.0/gems/web-console-2.3.0/lib/web_console/templates/error_page.js.erb within layouts/javascript (0.6ms)
  Rendered /home/leo/.rbenv/versions/2.3.3/lib/ruby/gems/2.3.0/gems/web-console-2.3.0/lib/web_console/templates/index.html.erb (63.4ms)


Started GET "/home/index2" for 127.0.0.1 at 2017-08-25 23:42:53 +1000
Processing by HomeController#index2 as HTML
  [1m[35mPatient Load (0.1ms)[0m  SELECT  "patients".* FROM "patients" WHERE "patients"."id" = ?  ORDER BY "patients"."id" ASC LIMIT 1  [["id", 1]]
  [1m[36mPosttest Load (0.2ms)[0m  [1mSELECT "posttests".* FROM "posttests"[0m
  Rendered home/index2.html.erb within layouts/patient (2.3ms)
Completed 500 Internal Server Error in 8ms (ActiveRecord: 0.3ms)

SyntaxError (/home/leo/rails/doc/app/views/layouts/patient.html.erb:111: syntax error, unexpected keyword_ensure, expecting keyword_end
/home/leo/rails/doc/app/views/layouts/patient.html.erb:113: syntax error, unexpected end-of-input, expecting keyword_end):
  app/views/layouts/patient.html.erb:111: syntax error, unexpected keyword_ensure, expecting keyword_end
  app/views/layouts/patient.html.erb:113: syntax error, unexpected end-of-input, expecting keyword_end
  app/controllers/home_controller.rb:10:in `index2'


  Rendered /home/leo/.rbenv/versions/2.3.3/lib/ruby/gems/2.3.0/gems/actionpack-4.2.5/lib/action_dispatch/middleware/templates/rescues/_source.erb (10.1ms)
  Rendered /home/leo/.rbenv/versions/2.3.3/lib/ruby/gems/2.3.0/gems/actionpack-4.2.5/lib/action_dispatch/middleware/templates/rescues/_trace.html.erb (4.1ms)
  Rendered /home/leo/.rbenv/versions/2.3.3/lib/ruby/gems/2.3.0/gems/actionpack-4.2.5/lib/action_dispatch/middleware/templates/rescues/_request_and_response.html.erb (1.9ms)
  Rendered /home/leo/.rbenv/versions/2.3.3/lib/ruby/gems/2.3.0/gems/actionpack-4.2.5/lib/action_dispatch/middleware/templates/rescues/diagnostics.html.erb within rescues/layout (40.2ms)
  Rendered /home/leo/.rbenv/versions/2.3.3/lib/ruby/gems/2.3.0/gems/web-console-2.3.0/lib/web_console/templates/_markup.html.erb (0.7ms)
  Rendered /home/leo/.rbenv/versions/2.3.3/lib/ruby/gems/2.3.0/gems/web-console-2.3.0/lib/web_console/templates/_inner_console_markup.html.erb within layouts/inlined_string (0.7ms)
  Rendered /home/leo/.rbenv/versions/2.3.3/lib/ruby/gems/2.3.0/gems/web-console-2.3.0/lib/web_console/templates/_prompt_box_markup.html.erb within layouts/inlined_string (0.4ms)
  Rendered /home/leo/.rbenv/versions/2.3.3/lib/ruby/gems/2.3.0/gems/web-console-2.3.0/lib/web_console/templates/style.css.erb within layouts/inlined_string (0.6ms)
  Rendered /home/leo/.rbenv/versions/2.3.3/lib/ruby/gems/2.3.0/gems/web-console-2.3.0/lib/web_console/templates/console.js.erb within layouts/javascript (28.6ms)
  Rendered /home/leo/.rbenv/versions/2.3.3/lib/ruby/gems/2.3.0/gems/web-console-2.3.0/lib/web_console/templates/main.js.erb within layouts/javascript (0.4ms)
  Rendered /home/leo/.rbenv/versions/2.3.3/lib/ruby/gems/2.3.0/gems/web-console-2.3.0/lib/web_console/templates/error_page.js.erb within layouts/javascript (0.7ms)
  Rendered /home/leo/.rbenv/versions/2.3.3/lib/ruby/gems/2.3.0/gems/web-console-2.3.0/lib/web_console/templates/index.html.erb (56.2ms)


Started GET "/home/index2" for 127.0.0.1 at 2017-08-25 23:43:48 +1000
Processing by HomeController#index2 as HTML
  [1m[35mPatient Load (0.1ms)[0m  SELECT  "patients".* FROM "patients" WHERE "patients"."id" = ?  ORDER BY "patients"."id" ASC LIMIT 1  [["id", 1]]
  [1m[36mPosttest Load (0.5ms)[0m  [1mSELECT "posttests".* FROM "posttests"[0m
  Rendered home/index2.html.erb within layouts/patient (2.7ms)
  [1m[35mUser Load (0.1ms)[0m  SELECT  "users".* FROM "users" WHERE "users"."id" = ?  ORDER BY "users"."id" ASC LIMIT 1  [["id", 1]]
Completed 200 OK in 29ms (Views: 27.4ms | ActiveRecord: 0.8ms)


Started GET "/home/index2" for 127.0.0.1 at 2017-08-25 23:43:54 +1000
Processing by HomeController#index2 as HTML
  [1m[36mPatient Load (0.2ms)[0m  [1mSELECT  "patients".* FROM "patients" WHERE "patients"."id" = ?  ORDER BY "patients"."id" ASC LIMIT 1[0m  [["id", 1]]
  [1m[35mPosttest Load (0.3ms)[0m  SELECT "posttests".* FROM "posttests"
  Rendered home/index2.html.erb within layouts/patient (10.8ms)
  [1m[36mUser Load (0.4ms)[0m  [1mSELECT  "users".* FROM "users" WHERE "users"."id" = ?  ORDER BY "users"."id" ASC LIMIT 1[0m  [["id", 1]]
Completed 200 OK in 56ms (Views: 53.7ms | ActiveRecord: 0.9ms)


Started GET "/home/index2" for 127.0.0.1 at 2017-08-25 23:43:56 +1000
Processing by HomeController#index2 as HTML
  [1m[35mPatient Load (0.2ms)[0m  SELECT  "patients".* FROM "patients" WHERE "patients"."id" = ?  ORDER BY "patients"."id" ASC LIMIT 1  [["id", 1]]
  [1m[36mPosttest Load (0.3ms)[0m  [1mSELECT "posttests".* FROM "posttests"[0m
  Rendered home/index2.html.erb within layouts/patient (4.7ms)
  [1m[35mUser Load (0.2ms)[0m  SELECT  "users".* FROM "users" WHERE "users"."id" = ?  ORDER BY "users"."id" ASC LIMIT 1  [["id", 1]]
Completed 200 OK in 51ms (Views: 49.9ms | ActiveRecord: 0.7ms)


Started GET "/home/index2" for 127.0.0.1 at 2017-08-25 23:43:57 +1000
Processing by HomeController#index2 as HTML
  [1m[36mPatient Load (0.2ms)[0m  [1mSELECT  "patients".* FROM "patients" WHERE "patients"."id" = ?  ORDER BY "patients"."id" ASC LIMIT 1[0m  [["id", 1]]
  [1m[35mPosttest Load (0.3ms)[0m  SELECT "posttests".* FROM "posttests"
  Rendered home/index2.html.erb within layouts/patient (3.1ms)
  [1m[36mUser Load (0.6ms)[0m  [1mSELECT  "users".* FROM "users" WHERE "users"."id" = ?  ORDER BY "users"."id" ASC LIMIT 1[0m  [["id", 1]]
Completed 200 OK in 65ms (Views: 62.4ms | ActiveRecord: 1.1ms)


Started GET "/home/index2" for 127.0.0.1 at 2017-08-25 23:43:58 +1000
Processing by HomeController#index2 as HTML
  [1m[35mPatient Load (0.2ms)[0m  SELECT  "patients".* FROM "patients" WHERE "patients"."id" = ?  ORDER BY "patients"."id" ASC LIMIT 1  [["id", 1]]
  [1m[36mPosttest Load (0.3ms)[0m  [1mSELECT "posttests".* FROM "posttests"[0m
  Rendered home/index2.html.erb within layouts/patient (5.4ms)
  [1m[35mUser Load (0.2ms)[0m  SELECT  "users".* FROM "users" WHERE "users"."id" = ?  ORDER BY "users"."id" ASC LIMIT 1  [["id", 1]]
Completed 200 OK in 54ms (Views: 53.0ms | ActiveRecord: 0.7ms)


Started GET "/home/index2" for 127.0.0.1 at 2017-08-25 23:43:59 +1000
Processing by HomeController#index2 as HTML
  [1m[36mPatient Load (0.2ms)[0m  [1mSELECT  "patients".* FROM "patients" WHERE "patients"."id" = ?  ORDER BY "patients"."id" ASC LIMIT 1[0m  [["id", 1]]
  [1m[35mPosttest Load (0.3ms)[0m  SELECT "posttests".* FROM "posttests"
  Rendered home/index2.html.erb within layouts/patient (3.2ms)
  [1m[36mUser Load (0.2ms)[0m  [1mSELECT  "users".* FROM "users" WHERE "users"."id" = ?  ORDER BY "users"."id" ASC LIMIT 1[0m  [["id", 1]]
Completed 200 OK in 37ms (Views: 35.6ms | ActiveRecord: 0.7ms)


Started GET "/home/index2" for 127.0.0.1 at 2017-08-25 23:44:00 +1000
Processing by HomeController#index2 as HTML
  [1m[35mPatient Load (0.2ms)[0m  SELECT  "patients".* FROM "patients" WHERE "patients"."id" = ?  ORDER BY "patients"."id" ASC LIMIT 1  [["id", 1]]
  [1m[36mPosttest Load (0.4ms)[0m  [1mSELECT "posttests".* FROM "posttests"[0m
  Rendered home/index2.html.erb within layouts/patient (9.9ms)
  [1m[35mUser Load (0.1ms)[0m  SELECT  "users".* FROM "users" WHERE "users"."id" = ?  ORDER BY "users"."id" ASC LIMIT 1  [["id", 1]]
Completed 200 OK in 53ms (Views: 51.3ms | ActiveRecord: 0.8ms)


Started GET "/home/index2" for 127.0.0.1 at 2017-08-25 23:44:01 +1000
Processing by HomeController#index2 as HTML
  [1m[36mPatient Load (0.2ms)[0m  [1mSELECT  "patients".* FROM "patients" WHERE "patients"."id" = ?  ORDER BY "patients"."id" ASC LIMIT 1[0m  [["id", 1]]
  [1m[35mPosttest Load (2.1ms)[0m  SELECT "posttests".* FROM "posttests"
  Rendered home/index2.html.erb within layouts/patient (7.6ms)
  [1m[36mUser Load (0.2ms)[0m  [1mSELECT  "users".* FROM "users" WHERE "users"."id" = ?  ORDER BY "users"."id" ASC LIMIT 1[0m  [["id", 1]]
Completed 200 OK in 59ms (Views: 48.8ms | ActiveRecord: 2.5ms)


Started GET "/home/index2" for 127.0.0.1 at 2017-08-25 23:44:31 +1000
Processing by HomeController#index2 as HTML
  [1m[35mPatient Load (0.1ms)[0m  SELECT  "patients".* FROM "patients" WHERE "patients"."id" = ?  ORDER BY "patients"."id" ASC LIMIT 1  [["id", 1]]
  [1m[36mPosttest Load (0.2ms)[0m  [1mSELECT "posttests".* FROM "posttests"[0m
  Rendered home/index2.html.erb within layouts/patient (2.1ms)
Completed 200 OK in 23ms (Views: 22.2ms | ActiveRecord: 0.3ms)


Started GET "/home/index2" for 127.0.0.1 at 2017-08-25 23:44:36 +1000
Processing by HomeController#index2 as HTML
  [1m[35mPatient Load (0.2ms)[0m  SELECT  "patients".* FROM "patients" WHERE "patients"."id" = ?  ORDER BY "patients"."id" ASC LIMIT 1  [["id", 1]]
  [1m[36mPosttest Load (0.4ms)[0m  [1mSELECT "posttests".* FROM "posttests"[0m
  Rendered home/index2.html.erb within layouts/patient (5.1ms)
Completed 200 OK in 38ms (Views: 36.6ms | ActiveRecord: 0.6ms)


Started GET "/home/index2" for 127.0.0.1 at 2017-08-25 23:44:36 +1000
Processing by HomeController#index2 as HTML
  [1m[35mPatient Load (0.2ms)[0m  SELECT  "patients".* FROM "patients" WHERE "patients"."id" = ?  ORDER BY "patients"."id" ASC LIMIT 1  [["id", 1]]
  [1m[36mPosttest Load (6.9ms)[0m  [1mSELECT "posttests".* FROM "posttests"[0m
  Rendered home/index2.html.erb within layouts/patient (14.4ms)
Completed 200 OK in 57ms (Views: 49.2ms | ActiveRecord: 7.1ms)


Started GET "/home/index2" for 127.0.0.1 at 2017-08-25 23:44:37 +1000
Processing by HomeController#index2 as HTML
  [1m[35mPatient Load (0.2ms)[0m  SELECT  "patients".* FROM "patients" WHERE "patients"."id" = ?  ORDER BY "patients"."id" ASC LIMIT 1  [["id", 1]]
  [1m[36mPosttest Load (0.3ms)[0m  [1mSELECT "posttests".* FROM "posttests"[0m
  Rendered home/index2.html.erb within layouts/patient (3.1ms)
Completed 200 OK in 39ms (Views: 38.1ms | ActiveRecord: 0.5ms)


Started GET "/home/index2" for 127.0.0.1 at 2017-08-25 23:44:38 +1000
Processing by HomeController#index2 as HTML
  [1m[35mPatient Load (0.2ms)[0m  SELECT  "patients".* FROM "patients" WHERE "patients"."id" = ?  ORDER BY "patients"."id" ASC LIMIT 1  [["id", 1]]
  [1m[36mPosttest Load (0.5ms)[0m  [1mSELECT "posttests".* FROM "posttests"[0m
  Rendered home/index2.html.erb within layouts/patient (14.2ms)
Completed 200 OK in 60ms (Views: 58.1ms | ActiveRecord: 0.7ms)


Started GET "/home/index2" for 127.0.0.1 at 2017-08-25 23:44:39 +1000
Processing by HomeController#index2 as HTML
  [1m[35mPatient Load (0.1ms)[0m  SELECT  "patients".* FROM "patients" WHERE "patients"."id" = ?  ORDER BY "patients"."id" ASC LIMIT 1  [["id", 1]]
  [1m[36mPosttest Load (0.2ms)[0m  [1mSELECT "posttests".* FROM "posttests"[0m
  Rendered home/index2.html.erb within layouts/patient (2.3ms)
Completed 200 OK in 26ms (Views: 25.2ms | ActiveRecord: 0.3ms)


Started GET "/home/index2" for 127.0.0.1 at 2017-08-25 23:44:40 +1000
Processing by HomeController#index2 as HTML
  [1m[35mPatient Load (0.2ms)[0m  SELECT  "patients".* FROM "patients" WHERE "patients"."id" = ?  ORDER BY "patients"."id" ASC LIMIT 1  [["id", 1]]
  [1m[36mPosttest Load (0.3ms)[0m  [1mSELECT "posttests".* FROM "posttests"[0m
  Rendered home/index2.html.erb within layouts/patient (3.9ms)
Completed 200 OK in 66ms (Views: 64.1ms | ActiveRecord: 0.5ms)


Started GET "/home/index2" for 127.0.0.1 at 2017-08-25 23:45:45 +1000
Processing by HomeController#index2 as HTML
  [1m[35mPatient Load (0.3ms)[0m  SELECT  "patients".* FROM "patients" WHERE "patients"."id" = ?  ORDER BY "patients"."id" ASC LIMIT 1  [["id", 1]]
  [1m[36mPosttest Load (0.2ms)[0m  [1mSELECT "posttests".* FROM "posttests"[0m
  Rendered home/index2.html.erb within layouts/patient (15.4ms)
Completed 200 OK in 43ms (Views: 38.9ms | ActiveRecord: 1.8ms)


Started GET "/home/index2" for 127.0.0.1 at 2017-08-25 23:45:49 +1000
Processing by HomeController#index2 as HTML
  [1m[35mPatient Load (0.2ms)[0m  SELECT  "patients".* FROM "patients" WHERE "patients"."id" = ?  ORDER BY "patients"."id" ASC LIMIT 1  [["id", 1]]
  [1m[36mPosttest Load (0.4ms)[0m  [1mSELECT "posttests".* FROM "posttests"[0m
  Rendered home/index2.html.erb within layouts/patient (5.8ms)
Completed 200 OK in 43ms (Views: 41.3ms | ActiveRecord: 0.6ms)


Started GET "/home/index2" for 127.0.0.1 at 2017-08-25 23:45:49 +1000
Processing by HomeController#index2 as HTML
  [1m[35mPatient Load (0.2ms)[0m  SELECT  "patients".* FROM "patients" WHERE "patients"."id" = ?  ORDER BY "patients"."id" ASC LIMIT 1  [["id", 1]]
  [1m[36mPosttest Load (0.6ms)[0m  [1mSELECT "posttests".* FROM "posttests"[0m
  Rendered home/index2.html.erb within layouts/patient (6.5ms)
Completed 200 OK in 47ms (Views: 44.7ms | ActiveRecord: 0.9ms)


Started GET "/home/index2" for 127.0.0.1 at 2017-08-25 23:45:51 +1000
Processing by HomeController#index2 as HTML
  [1m[35mPatient Load (0.2ms)[0m  SELECT  "patients".* FROM "patients" WHERE "patients"."id" = ?  ORDER BY "patients"."id" ASC LIMIT 1  [["id", 1]]
  [1m[36mPosttest Load (0.3ms)[0m  [1mSELECT "posttests".* FROM "posttests"[0m
  Rendered home/index2.html.erb within layouts/patient (3.4ms)
Completed 200 OK in 59ms (Views: 56.9ms | ActiveRecord: 0.5ms)


Started GET "/home/index2" for 127.0.0.1 at 2017-08-25 23:45:52 +1000
Processing by HomeController#index2 as HTML
  [1m[35mPatient Load (0.2ms)[0m  SELECT  "patients".* FROM "patients" WHERE "patients"."id" = ?  ORDER BY "patients"."id" ASC LIMIT 1  [["id", 1]]
  [1m[36mPosttest Load (0.4ms)[0m  [1mSELECT "posttests".* FROM "posttests"[0m
  Rendered home/index2.html.erb within layouts/patient (6.8ms)
Completed 200 OK in 54ms (Views: 50.9ms | ActiveRecord: 0.6ms)


Started GET "/home/index2" for 127.0.0.1 at 2017-08-25 23:45:53 +1000
Processing by HomeController#index2 as HTML
  [1m[35mPatient Load (0.2ms)[0m  SELECT  "patients".* FROM "patients" WHERE "patients"."id" = ?  ORDER BY "patients"."id" ASC LIMIT 1  [["id", 1]]
  [1m[36mPosttest Load (0.3ms)[0m  [1mSELECT "posttests".* FROM "posttests"[0m
  Rendered home/index2.html.erb within layouts/patient (6.9ms)
Completed 200 OK in 51ms (Views: 49.7ms | ActiveRecord: 0.5ms)


Started GET "/home/index2" for 127.0.0.1 at 2017-08-25 23:45:53 +1000
Processing by HomeController#index2 as HTML
  [1m[35mPatient Load (0.2ms)[0m  SELECT  "patients".* FROM "patients" WHERE "patients"."id" = ?  ORDER BY "patients"."id" ASC LIMIT 1  [["id", 1]]
  [1m[36mPosttest Load (0.3ms)[0m  [1mSELECT "posttests".* FROM "posttests"[0m
  Rendered home/index2.html.erb within layouts/patient (4.9ms)
Completed 200 OK in 41ms (Views: 40.0ms | ActiveRecord: 0.5ms)


Started GET "/home/index2" for 127.0.0.1 at 2017-08-25 23:45:54 +1000
Processing by HomeController#index2 as HTML
  [1m[35mPatient Load (0.3ms)[0m  SELECT  "patients".* FROM "patients" WHERE "patients"."id" = ?  ORDER BY "patients"."id" ASC LIMIT 1  [["id", 1]]
  [1m[36mPosttest Load (0.3ms)[0m  [1mSELECT "posttests".* FROM "posttests"[0m
  Rendered home/index2.html.erb within layouts/patient (7.1ms)
Completed 200 OK in 42ms (Views: 40.4ms | ActiveRecord: 0.6ms)


Started GET "/home/index2" for 127.0.0.1 at 2017-08-25 23:45:54 +1000
Processing by HomeController#index2 as HTML
  [1m[35mPatient Load (0.2ms)[0m  SELECT  "patients".* FROM "patients" WHERE "patients"."id" = ?  ORDER BY "patients"."id" ASC LIMIT 1  [["id", 1]]
  [1m[36mPosttest Load (0.3ms)[0m  [1mSELECT "posttests".* FROM "posttests"[0m
  Rendered home/index2.html.erb within layouts/patient (7.4ms)
Completed 200 OK in 53ms (Views: 51.3ms | ActiveRecord: 0.5ms)


Started GET "/home/index2" for 127.0.0.1 at 2017-08-25 23:45:55 +1000
Processing by HomeController#index2 as HTML
  [1m[35mPatient Load (0.2ms)[0m  SELECT  "patients".* FROM "patients" WHERE "patients"."id" = ?  ORDER BY "patients"."id" ASC LIMIT 1  [["id", 1]]
  [1m[36mPosttest Load (0.4ms)[0m  [1mSELECT "posttests".* FROM "posttests"[0m
  Rendered home/index2.html.erb within layouts/patient (7.5ms)
Completed 200 OK in 41ms (Views: 39.6ms | ActiveRecord: 0.5ms)


Started GET "/home/index2" for 127.0.0.1 at 2017-08-25 23:45:55 +1000
Processing by HomeController#index2 as HTML
  [1m[35mPatient Load (0.2ms)[0m  SELECT  "patients".* FROM "patients" WHERE "patients"."id" = ?  ORDER BY "patients"."id" ASC LIMIT 1  [["id", 1]]
  [1m[36mPosttest Load (0.3ms)[0m  [1mSELECT "posttests".* FROM "posttests"[0m
  Rendered home/index2.html.erb within layouts/patient (17.4ms)
Completed 200 OK in 56ms (Views: 54.5ms | ActiveRecord: 0.5ms)


Started GET "/home/index2" for 127.0.0.1 at 2017-08-25 23:45:55 +1000
Processing by HomeController#index2 as HTML
  [1m[35mPatient Load (0.2ms)[0m  SELECT  "patients".* FROM "patients" WHERE "patients"."id" = ?  ORDER BY "patients"."id" ASC LIMIT 1  [["id", 1]]
  [1m[36mPosttest Load (0.5ms)[0m  [1mSELECT "posttests".* FROM "posttests"[0m
  Rendered home/index2.html.erb within layouts/patient (7.1ms)
Completed 200 OK in 44ms (Views: 42.6ms | ActiveRecord: 0.8ms)


Started GET "/" for 127.0.0.1 at 2017-08-25 23:45:56 +1000
Processing by HomeController#homepage as HTML
  [1m[35mUser Load (0.5ms)[0m  SELECT  "users".* FROM "users" WHERE "users"."id" = ?  ORDER BY "users"."id" ASC LIMIT 1  [["id", 1]]
  [1m[36mPatient Load (0.2ms)[0m  [1mSELECT  "patients".* FROM "patients" WHERE "patients"."id" = ?  ORDER BY "patients"."id" ASC LIMIT 1[0m  [["id", 1]]
  Rendered home/homepage.html.erb within layouts/application (27.0ms)
Completed 200 OK in 59ms (Views: 56.3ms | ActiveRecord: 1.5ms)


Started GET "/home/index2" for 127.0.0.1 at 2017-08-25 23:45:58 +1000
Processing by HomeController#index2 as HTML
  [1m[35mPatient Load (0.2ms)[0m  SELECT  "patients".* FROM "patients" WHERE "patients"."id" = ?  ORDER BY "patients"."id" ASC LIMIT 1  [["id", 1]]
  [1m[36mPosttest Load (2.6ms)[0m  [1mSELECT "posttests".* FROM "posttests"[0m
  Rendered home/index2.html.erb within layouts/patient (8.9ms)
Completed 200 OK in 56ms (Views: 52.3ms | ActiveRecord: 2.9ms)


Started GET "/users/sign_out" for 127.0.0.1 at 2017-08-25 23:45:59 +1000
Processing by Devise::SessionsController#destroy as HTML
  [1m[35mPatient Load (0.2ms)[0m  SELECT  "patients".* FROM "patients" WHERE "patients"."id" = ?  ORDER BY "patients"."id" ASC LIMIT 1  [["id", 1]]
  [1m[36mUser Load (0.2ms)[0m  [1mSELECT  "users".* FROM "users" WHERE "users"."id" = ?  ORDER BY "users"."id" ASC LIMIT 1[0m  [["id", 1]]
  [1m[35m (0.2ms)[0m  begin transaction
  [1m[36m (0.2ms)[0m  [1mcommit transaction[0m
  [1m[35m (0.1ms)[0m  begin transaction
  [1m[36m (0.3ms)[0m  [1mcommit transaction[0m
Redirected to http://localhost:3000/
Completed 302 Found in 27ms (ActiveRecord: 1.1ms)


Started GET "/" for 127.0.0.1 at 2017-08-25 23:45:59 +1000
Processing by HomeController#homepage as HTML
  Rendered home/homepage.html.erb within layouts/application (0.8ms)
Completed 200 OK in 35ms (Views: 34.6ms | ActiveRecord: 0.0ms)


Started GET "/users/sign_in" for 127.0.0.1 at 2017-08-25 23:46:04 +1000
Processing by Devise::SessionsController#new as HTML
  Rendered devise/shared/_links.html.erb (11.5ms)
  Rendered devise/sessions/new.html.erb within layouts/application (23.0ms)
Completed 200 OK in 64ms (Views: 61.6ms | ActiveRecord: 0.0ms)


Started POST "/users/sign_in" for 127.0.0.1 at 2017-08-25 23:46:10 +1000
Processing by Devise::SessionsController#create as HTML
  Parameters: {"utf8"=>"✓", "authenticity_token"=>"wHe+HYEdokKt1I/3IS0WsjWfCfpnzBl4F5OCgi6M5QXOJu9HrVVinLbIJum+X3cqwKwMyUQJxLFDtY9rZOSSZw==", "user"=>{"email"=>"doctor@google.com", "password"=>"[FILTERED]", "remember_me"=>"0"}, "commit"=>"Log in"}
  [1m[35mUser Load (0.4ms)[0m  SELECT  "users".* FROM "users" WHERE "users"."email" = ?  ORDER BY "users"."id" ASC LIMIT 1  [["email", "doctor@google.com"]]
  [1m[36m (0.1ms)[0m  [1mbegin transaction[0m
  [1m[35mSQL (0.3ms)[0m  UPDATE "users" SET "current_sign_in_at" = ?, "sign_in_count" = ?, "updated_at" = ? WHERE "users"."id" = ?  [["current_sign_in_at", "2017-08-25 13:46:11.055658"], ["sign_in_count", 2], ["updated_at", "2017-08-25 13:46:11.056842"], ["id", 1]]
  [1m[36m (11.0ms)[0m  [1mcommit transaction[0m
Redirected to http://localhost:3000/home/index
Completed 302 Found in 267ms (ActiveRecord: 11.9ms)


Started GET "/home/index" for 127.0.0.1 at 2017-08-25 23:46:11 +1000
Processing by HomeController#index as HTML
  [1m[35mUser Load (0.1ms)[0m  SELECT  "users".* FROM "users" WHERE "users"."id" = ?  ORDER BY "users"."id" ASC LIMIT 1  [["id", 1]]
  [1m[36mPost Load (0.2ms)[0m  [1mSELECT "posts".* FROM "posts"[0m
  Rendered home/index.html.erb within layouts/blank (2.4ms)
Completed 200 OK in 32ms (Views: 26.6ms | ActiveRecord: 0.5ms)


Started GET "/home/index" for 127.0.0.1 at 2017-08-25 23:46:15 +1000
Processing by HomeController#index as HTML
  [1m[35mUser Load (0.2ms)[0m  SELECT  "users".* FROM "users" WHERE "users"."id" = ?  ORDER BY "users"."id" ASC LIMIT 1  [["id", 1]]
  [1m[36mPost Load (0.3ms)[0m  [1mSELECT "posts".* FROM "posts"[0m
  Rendered home/index.html.erb within layouts/blank (2.8ms)
Completed 200 OK in 51ms (Views: 49.8ms | ActiveRecord: 0.5ms)


Started GET "/home/patientlist" for 127.0.0.1 at 2017-08-25 23:46:16 +1000
Processing by HomeController#patientlist as HTML
  [1m[35mPatient Load (0.4ms)[0m  SELECT "patients".* FROM "patients"
  [1m[36mDetailcom Load (0.4ms)[0m  [1mSELECT "detailcoms".* FROM "detailcoms" WHERE "detailcoms"."patient_id" = ?[0m  [["patient_id", 1]]
  Rendered home/patientlist.html.erb within layouts/blank (59.5ms)
Completed 200 OK in 91ms (Views: 88.7ms | ActiveRecord: 1.1ms)
